<?xml version="1.0" encoding="UTF-8"?>
<testng-results ignored="0" total="1" passed="1" failed="0" skipped="0">
  <reporter-output>
  </reporter-output>
  <suite started-at="2025-08-08T08:57:34 IST" name="Default suite" finished-at="2025-08-08T08:57:46 IST" duration-ms="12853">
    <groups>
    </groups>
    <test started-at="2025-08-08T08:57:34 IST" name="Default test" finished-at="2025-08-08T08:57:46 IST" duration-ms="12853">
      <class name="com.qa.testCases.loginTest">
        <test-method is-config="true" signature="setup()[pri:0, instance:com.qa.testCases.loginTest@74f0ea28]" started-at="2025-08-08T08:57:34 IST" name="setup" finished-at="2025-08-08T08:57:43 IST" duration-ms="9355" status="PASS">
          <reporter-output>
          </reporter-output>
        </test-method> <!-- setup -->
        <test-method signature="loginWithInvalidCredentials()[pri:0, instance:com.qa.testCases.loginTest@74f0ea28]" started-at="2025-08-08T08:57:43 IST" name="loginWithInvalidCredentials" finished-at="2025-08-08T08:57:46 IST" duration-ms="3349" status="PASS">
          <reporter-output>
          </reporter-output>
        </test-method> <!-- loginWithInvalidCredentials -->
        <test-method is-config="true" signature="tearDown()[pri:0, instance:com.qa.testCases.loginTest@74f0ea28]" started-at="2025-08-08T08:57:46 IST" name="tearDown" finished-at="2025-08-08T08:57:46 IST" duration-ms="3" status="PASS">
          <reporter-output>
          </reporter-output>
        </test-method> <!-- tearDown -->
      </class> <!-- com.qa.testCases.loginTest -->
    </test> <!-- Default test -->
  </suite> <!-- Default suite -->
</testng-results>
